mode: set
github.com/lionell/aqua/lexer/lexer.go:20.35,22.2 1 1
github.com/lionell/aqua/lexer/lexer.go:24.44,28.12 3 1
github.com/lionell/aqua/lexer/lexer.go:29.9,30.43 1 1
github.com/lionell/aqua/lexer/lexer.go:31.11,33.24 2 1
github.com/lionell/aqua/lexer/lexer.go:34.11,35.32 1 1
github.com/lionell/aqua/lexer/lexer.go:40.3,41.44 2 1
github.com/lionell/aqua/lexer/lexer.go:42.11,43.32 1 1
github.com/lionell/aqua/lexer/lexer.go:48.3,49.45 2 1
github.com/lionell/aqua/lexer/lexer.go:50.11,51.48 1 1
github.com/lionell/aqua/lexer/lexer.go:52.11,53.45 1 1
github.com/lionell/aqua/lexer/lexer.go:54.11,55.42 1 1
github.com/lionell/aqua/lexer/lexer.go:56.11,57.42 1 1
github.com/lionell/aqua/lexer/lexer.go:58.11,59.22 1 1
github.com/lionell/aqua/lexer/lexer.go:65.11,67.45 2 1
github.com/lionell/aqua/lexer/lexer.go:68.11,69.45 1 1
github.com/lionell/aqua/lexer/lexer.go:70.11,71.44 1 1
github.com/lionell/aqua/lexer/lexer.go:72.11,73.46 1 1
github.com/lionell/aqua/lexer/lexer.go:74.11,75.46 1 1
github.com/lionell/aqua/lexer/lexer.go:76.10,77.27 1 1
github.com/lionell/aqua/lexer/lexer.go:35.32,39.4 3 0
github.com/lionell/aqua/lexer/lexer.go:43.32,47.4 3 0
github.com/lionell/aqua/lexer/lexer.go:59.22,61.4 1 1
github.com/lionell/aqua/lexer/lexer.go:61.4,64.4 2 1
github.com/lionell/aqua/lexer/lexer.go:77.27,80.4 2 1
github.com/lionell/aqua/lexer/lexer.go:80.4,80.33 1 1
github.com/lionell/aqua/lexer/lexer.go:80.33,83.4 2 1
github.com/lionell/aqua/lexer/lexer.go:83.4,85.4 1 0
github.com/lionell/aqua/lexer/lexer.go:89.54,92.47 2 1
github.com/lionell/aqua/lexer/lexer.go:100.2,100.39 1 1
github.com/lionell/aqua/lexer/lexer.go:92.47,93.65 1 1
github.com/lionell/aqua/lexer/lexer.go:97.3,97.20 1 1
github.com/lionell/aqua/lexer/lexer.go:93.65,95.9 2 1
github.com/lionell/aqua/lexer/lexer.go:101.18,102.48 1 1
github.com/lionell/aqua/lexer/lexer.go:103.14,104.44 1 1
github.com/lionell/aqua/lexer/lexer.go:105.15,106.45 1 1
github.com/lionell/aqua/lexer/lexer.go:107.17,108.47 1 1
github.com/lionell/aqua/lexer/lexer.go:109.14,110.44 1 1
github.com/lionell/aqua/lexer/lexer.go:111.15,112.45 1 1
github.com/lionell/aqua/lexer/lexer.go:113.15,114.45 1 1
github.com/lionell/aqua/lexer/lexer.go:115.10,116.66 1 1
github.com/lionell/aqua/lexer/lexer.go:120.50,123.47 2 1
github.com/lionell/aqua/lexer/lexer.go:131.2,131.63 1 1
github.com/lionell/aqua/lexer/lexer.go:123.47,124.27 1 1
github.com/lionell/aqua/lexer/lexer.go:128.3,128.20 1 1
github.com/lionell/aqua/lexer/lexer.go:124.27,126.9 2 1
github.com/lionell/aqua/lexer/lexer.go:134.50,135.35 1 1
github.com/lionell/aqua/lexer/lexer.go:139.2,140.47 2 1
github.com/lionell/aqua/lexer/lexer.go:148.2,148.35 1 1
github.com/lionell/aqua/lexer/lexer.go:151.2,151.63 1 1
github.com/lionell/aqua/lexer/lexer.go:135.35,137.3 1 0
github.com/lionell/aqua/lexer/lexer.go:140.47,141.16 1 1
github.com/lionell/aqua/lexer/lexer.go:145.3,145.20 1 1
github.com/lionell/aqua/lexer/lexer.go:141.16,143.9 2 1
github.com/lionell/aqua/lexer/lexer.go:148.35,150.3 1 0
github.com/lionell/aqua/lexer/lexer.go:154.34,155.32 1 1
github.com/lionell/aqua/lexer/lexer.go:156.2,156.12 1 1
github.com/lionell/aqua/lexer/lexer.go:155.32,155.34 0 1
github.com/lionell/aqua/lexer/lexer.go:159.35,160.28 1 1
github.com/lionell/aqua/lexer/lexer.go:163.2,163.12 1 1
github.com/lionell/aqua/lexer/lexer.go:160.28,162.3 1 0
github.com/lionell/aqua/lexer/lexer.go:166.28,168.16 2 1
github.com/lionell/aqua/lexer/lexer.go:171.2,171.11 1 1
github.com/lionell/aqua/lexer/lexer.go:168.16,170.3 1 1
github.com/lionell/aqua/lexer/lexer.go:174.25,174.49 1 1
